Unity Editor version:    2021.2.8f1 (d0e5f0a7b06a)
Branch:                  2021.2/staging
Build type:              Release
Batch mode:              YES
macOS version:           Version 11.6.6 (Build 20G624)
Darwin version:          20.6.0
Architecture:            x86_64
Running under Rosetta:   NO
Available memory:        16384 MB
Using pre-set license
Pro License: NO

COMMAND LINE ARGUMENTS:
/Applications/Unity/Unity.app/Contents/MacOS/Unity
-adb2
-batchMode
-noUpm
-name
AssetImportWorker0
-projectPath
/opt/goinfre/pcorina/piscine_unity/rush01
-logFile
Logs/AssetImportWorker0.log
-srvPort
51352
Successfully changed project path to: /opt/goinfre/pcorina/piscine_unity/rush01
/opt/goinfre/pcorina/piscine_unity/rush01
[UnityMemory] Configuration Parameters - Can be set up in boot.config
    "memorysetup-bucket-allocator-granularity=16"
    "memorysetup-bucket-allocator-bucket-count=8"
    "memorysetup-bucket-allocator-block-size=33554432"
    "memorysetup-bucket-allocator-block-count=8"
    "memorysetup-main-allocator-block-size=16777216"
    "memorysetup-thread-allocator-block-size=16777216"
    "memorysetup-gfx-main-allocator-block-size=16777216"
    "memorysetup-gfx-thread-allocator-block-size=16777216"
    "memorysetup-cache-allocator-block-size=4194304"
    "memorysetup-typetree-allocator-block-size=2097152"
    "memorysetup-profiler-bucket-allocator-granularity=16"
    "memorysetup-profiler-bucket-allocator-bucket-count=8"
    "memorysetup-profiler-bucket-allocator-block-size=33554432"
    "memorysetup-profiler-bucket-allocator-block-count=8"
    "memorysetup-profiler-allocator-block-size=16777216"
    "memorysetup-profiler-editor-allocator-block-size=1048576"
    "memorysetup-temp-allocator-size-main=16777216"
    "memorysetup-job-temp-allocator-block-size=2097152"
    "memorysetup-job-temp-allocator-block-size-background=1048576"
    "memorysetup-job-temp-allocator-reduction-small-platforms=262144"
    "memorysetup-temp-allocator-size-background-worker=32768"
    "memorysetup-temp-allocator-size-job-worker=262144"
    "memorysetup-temp-allocator-size-preload-manager=33554432"
    "memorysetup-temp-allocator-size-nav-mesh-worker=65536"
    "memorysetup-temp-allocator-size-audio-worker=65536"
    "memorysetup-temp-allocator-size-cloud-worker=32768"
    "memorysetup-temp-allocator-size-gi-baking-worker=262144"
    "memorysetup-temp-allocator-size-gfx=262144"
Refreshing native plugins compatible for Editor in 43.06 ms, found 2 plugins.
Preloading 0 native plugins for Editor in 0.00 ms.
Initialize engine version: 2021.2.8f1 (d0e5f0a7b06a)
[Subsystems] Discovering subsystems at path /Applications/Unity/Unity.app/Contents/Resources/UnitySubsystems
[Subsystems] Discovering subsystems at path /opt/goinfre/pcorina/piscine_unity/rush01/Assets
GfxDevice: creating device client; threaded=0; jobified=0
iMac preferred device: AMD Radeon Pro 570X (high power)
Metal devices available: 1
0: AMD Radeon Pro 570X (high power)
Using device AMD Radeon Pro 570X (high power)
Initializing Metal device caps: AMD Radeon Pro 570X
Initialize mono
Mono path[0] = '/Applications/Unity/Unity.app/Contents/Managed'
Mono path[1] = '/Applications/Unity/Unity.app/Contents/MonoBleedingEdge/lib/mono/unityjit-macos'
Mono config path = '/Applications/Unity/Unity.app/Contents/MonoBleedingEdge/etc'
Using monoOptions --debugger-agent=transport=dt_socket,embedding=1,server=y,suspend=n,address=127.0.0.1:56042
Begin MonoManager ReloadAssembly
Registering precompiled unity dll's ...
Register platform support module: /Applications/Unity/Unity.app/Contents/PlaybackEngines/MacStandaloneSupport/UnityEditor.OSXStandalone.Extensions.dll
Registered in 0.000776 seconds.
Native extension for OSXStandalone target not found
Refreshing native plugins compatible for Editor in 38.34 ms, found 2 plugins.
Preloading 0 native plugins for Editor in 0.00 ms.
Mono: successfully reloaded assembly
- Completed reload, in  0.664 seconds
Domain Reload Profiling:
	ReloadAssembly (664ms)
		BeginReloadAssembly (64ms)
			ExecutionOrderSort (0ms)
			DisableScriptedObjects (0ms)
			BackupInstance (0ms)
			ReleaseScriptingObjects (0ms)
			CreateAndSetChildDomain (1ms)
		EndReloadAssembly (501ms)
			LoadAssemblies (63ms)
			RebuildTransferFunctionScriptingTraits (0ms)
			SetupTypeCache (141ms)
			ReleaseScriptCaches (0ms)
			RebuildScriptCaches (36ms)
			SetupLoadedEditorAssemblies (267ms)
				LogAssemblyErrors (0ms)
				InitializePlatformSupportModulesInManaged (13ms)
				SetLoadedEditorAssemblies (0ms)
				RefreshPlugins (38ms)
				BeforeProcessingInitializeOnLoad (1ms)
				ProcessInitializeOnLoadAttributes (164ms)
				ProcessInitializeOnLoadMethodAttributes (50ms)
				AfterProcessingInitializeOnLoad (0ms)
				EditorAssembliesLoaded (0ms)
			ExecutionOrderSort2 (0ms)
			AwakeInstancesAfterBackupRestoration (0ms)
Platform modules already initialized, skipping
Registering precompiled user dll's ...
Registered in 0.001296 seconds.
Begin MonoManager ReloadAssembly
Native extension for OSXStandalone target not found
Refreshing native plugins compatible for Editor in 0.59 ms, found 2 plugins.
Preloading 0 native plugins for Editor in 0.00 ms.
Package Manager log level set to [2]
Mono: successfully reloaded assembly
- Completed reload, in  1.086 seconds
Domain Reload Profiling:
	ReloadAssembly (1087ms)
		BeginReloadAssembly (114ms)
			ExecutionOrderSort (0ms)
			DisableScriptedObjects (7ms)
			BackupInstance (0ms)
			ReleaseScriptingObjects (0ms)
			CreateAndSetChildDomain (32ms)
		EndReloadAssembly (860ms)
			LoadAssemblies (59ms)
			RebuildTransferFunctionScriptingTraits (0ms)
			SetupTypeCache (222ms)
			ReleaseScriptCaches (0ms)
			RebuildScriptCaches (59ms)
			SetupLoadedEditorAssemblies (466ms)
				LogAssemblyErrors (0ms)
				InitializePlatformSupportModulesInManaged (9ms)
				SetLoadedEditorAssemblies (1ms)
				RefreshPlugins (1ms)
				BeforeProcessingInitializeOnLoad (56ms)
				ProcessInitializeOnLoadAttributes (247ms)
				ProcessInitializeOnLoadMethodAttributes (151ms)
				AfterProcessingInitializeOnLoad (2ms)
				EditorAssembliesLoaded (0ms)
			ExecutionOrderSort2 (0ms)
			AwakeInstancesAfterBackupRestoration (5ms)
Platform modules already initialized, skipping
========================================================================
Worker process is ready to serve import requests
Launching external process: /Applications/Unity/Unity.app/Contents/Tools/UnityShaderCompiler
Launched and connected shader compiler UnityShaderCompiler after 0.01 seconds
Refreshing native plugins compatible for Editor in 0.58 ms, found 2 plugins.
Preloading 0 native plugins for Editor in 0.00 ms.
Unloading 2269 Unused Serialized files (Serialized files now loaded: 0)
Unloading 55 unused Assets / (44.7 KB). Loaded Objects now: 2707.
Memory consumption went from 178.6 MB to 178.5 MB.
Total: 6.233142 ms (FindLiveObjects: 0.189498 ms CreateObjectMapping: 0.092330 ms MarkObjects: 5.871578 ms  DeleteObjects: 0.078906 ms)

AssetImportParameters requested are different than current active one (requested -> active):
  custom:video-decoder-ogg-theora: a1e56fd34408186e4bbccfd4996cb3dc -> 
  custom:container-muxer-webm: aa71ff27fc2769a1b78a27578f13a17b -> 
  custom:container-demuxer-webm: 4f35f7cbe854078d1ac9338744f61a02 -> 
  custom:video-encoder-webm-vp8: eb34c28f22e8b96e1ab97ce403110664 -> 
  custom:framework-osx-AVFoundation: e770b220cccbd017edd2c1fefb359320 -> 
  custom:audio-encoder-webm-vorbis: bf7c407c2cedff20999df2af8eb42d56 -> 
  custom:container-demuxer-ogg: 62fdf1f143b41e24485cea50d1cbac27 -> 
  custom:video-decoder-webm-vp8: 9c59270c3fd7afecdb556c50c9e8de78 -> 
  custom:audio-decoder-ogg-vorbis: bf7c407c2cedff20999df2af8eb42d56 -> 
========================================================================
Received Import Request.
  Time since last request: 71503.138877 seconds.
  path: Assets/New Terrain 2.asset
  artifactKey: Guid(04eeb9551d6304018be09c16fbb0b792) Importer(815301076,1909f56bfc062723c751e8b465ee728b)
Start importing Assets/New Terrain 2.asset using Guid(04eeb9551d6304018be09c16fbb0b792) Importer(815301076,1909f56bfc062723c751e8b465ee728b)  -> (artifact id: 'af7b3c1c6385a15c677e414f3ddc3ecd') in 0.763104 seconds 
========================================================================
Received Import Request.
  Time since last request: 0.000112 seconds.
  path: Assets/New Terrain 4.asset
  artifactKey: Guid(2d4dca4d0f34c4e5396f2e36c909c10d) Importer(815301076,1909f56bfc062723c751e8b465ee728b)
Start importing Assets/New Terrain 4.asset using Guid(2d4dca4d0f34c4e5396f2e36c909c10d) Importer(815301076,1909f56bfc062723c751e8b465ee728b) The tree PalmType1_4 must use the Nature/Soft Occlusion shader. Otherwise billboarding/lighting will not work correctly.
The tree TreeType1_07 must use the Nature/Soft Occlusion shader. Otherwise billboarding/lighting will not work correctly.
The tree TreeType2_06 must use the Nature/Soft Occlusion shader. Otherwise billboarding/lighting will not work correctly.
The tree TreeType5_3 must use the Nature/Soft Occlusion shader. Otherwise billboarding/lighting will not work correctly.
The tree FirTree_02 must use the Nature/Soft Occlusion shader. Otherwise billboarding/lighting will not work correctly.
The tree Cactus_4 must use the Nature/Soft Occlusion shader. Otherwise billboarding/lighting will not work correctly.
The tree Shrub_03 must use the Nature/Soft Occlusion shader. Otherwise billboarding/lighting will not work correctly.
The tree DeadTree_08 must use the Nature/Soft Occlusion shader. Otherwise billboarding/lighting will not work correctly.
The tree Stump_03 must use the Nature/Soft Occlusion shader. Otherwise billboarding/lighting will not work correctly.
 -> (artifact id: 'ba204f9150458ddda6488c76fff4b9ae') in 0.092180 seconds 
========================================================================
Received Import Request.
  Time since last request: 0.000051 seconds.
  path: Assets/New Terrain 1.asset
  artifactKey: Guid(e7b653bf2a04045b19cfa98ca077916c) Importer(815301076,1909f56bfc062723c751e8b465ee728b)
Start importing Assets/New Terrain 1.asset using Guid(e7b653bf2a04045b19cfa98ca077916c) Importer(815301076,1909f56bfc062723c751e8b465ee728b)  -> (artifact id: '3c5a37049a5b5d32b348fb0b901d3d8f') in 0.010333 seconds 
========================================================================
Received Import Request.
  Time since last request: 0.000104 seconds.
  path: Assets/New Terrain 3.asset
  artifactKey: Guid(d5d6b4a94a0e7436e80982ec12aade27) Importer(815301076,1909f56bfc062723c751e8b465ee728b)
Start importing Assets/New Terrain 3.asset using Guid(d5d6b4a94a0e7436e80982ec12aade27) Importer(815301076,1909f56bfc062723c751e8b465ee728b)  -> (artifact id: '0898f608f9a5ea13275e481f4725e136') in 0.015365 seconds 
========================================================================
Received Import Request.
  Time since last request: 0.000077 seconds.
  path: Assets/New Terrain.asset
  artifactKey: Guid(9ed5a61a5ffe345db847d5aa86add1cf) Importer(815301076,1909f56bfc062723c751e8b465ee728b)
Start importing Assets/New Terrain.asset using Guid(9ed5a61a5ffe345db847d5aa86add1cf) Importer(815301076,1909f56bfc062723c751e8b465ee728b) 



 -> (artifact id: '3612a48b74da853e55607285671e54d3') in 0.039323 seconds 
========================================================================
Received Import Request.
  Time since last request: 9.018860 seconds.
  path: Assets/Scenes
  artifactKey: Guid(38a74da1fa87045c09621f6c3a4783b0) Importer(815301076,1909f56bfc062723c751e8b465ee728b)
Start importing Assets/Scenes using Guid(38a74da1fa87045c09621f6c3a4783b0) Importer(815301076,1909f56bfc062723c751e8b465ee728b)  -> (artifact id: 'f60960669197df5f43d94af9088bcfa6') in 0.004499 seconds 
========================================================================
Received Import Request.
  Time since last request: 2.833970 seconds.
  path: Assets/Scenes/Level1.unity
  artifactKey: Guid(fd0eef3f5ee824b518e7c4209d637233) Importer(815301076,1909f56bfc062723c751e8b465ee728b)
Start importing Assets/Scenes/Level1.unity using Guid(fd0eef3f5ee824b518e7c4209d637233) Importer(815301076,1909f56bfc062723c751e8b465ee728b)  -> (artifact id: '75c13b29cc592ec265703ed023e75dd1') in 0.005672 seconds 
========================================================================
Received Import Request.
  Time since last request: 5.828695 seconds.
  path: Assets/Scenes/ALT_Level1.unity
  artifactKey: Guid(4ff93734f61e6447aa5b5d893d003ae1) Importer(815301076,1909f56bfc062723c751e8b465ee728b)
Start importing Assets/Scenes/ALT_Level1.unity using Guid(4ff93734f61e6447aa5b5d893d003ae1) Importer(815301076,1909f56bfc062723c751e8b465ee728b)  -> (artifact id: '97ecd92d61d665dc0c0489ce07692d52') in 0.001092 seconds 
========================================================================
Received Import Request.
  Time since last request: 2.535565 seconds.
  path: Assets/Scenes/ALT_Level2.unity
  artifactKey: Guid(2c340420fee544313a753245e70f0229) Importer(815301076,1909f56bfc062723c751e8b465ee728b)
Start importing Assets/Scenes/ALT_Level2.unity using Guid(2c340420fee544313a753245e70f0229) Importer(815301076,1909f56bfc062723c751e8b465ee728b)  -> (artifact id: '253138433b14ad4422e30d6ab40cf65a') in 0.005050 seconds 
========================================================================
Received Import Request.
  Time since last request: 1.047753 seconds.
  path: Assets/Scenes/ALT_Level3.unity
  artifactKey: Guid(6122f1f8eb1b24f76ad2916daf4d39df) Importer(815301076,1909f56bfc062723c751e8b465ee728b)
Start importing Assets/Scenes/ALT_Level3.unity using Guid(6122f1f8eb1b24f76ad2916daf4d39df) Importer(815301076,1909f56bfc062723c751e8b465ee728b)  -> (artifact id: 'c2a1be805f5eeb0226f1d7beee705b36') in 0.000953 seconds 
========================================================================
Received Import Request.
  Time since last request: 0.798424 seconds.
  path: Assets/Scenes/ALT_Level4.unity
  artifactKey: Guid(96764c5cce9e3468784a2d0cf02ee433) Importer(815301076,1909f56bfc062723c751e8b465ee728b)
Start importing Assets/Scenes/ALT_Level4.unity using Guid(96764c5cce9e3468784a2d0cf02ee433) Importer(815301076,1909f56bfc062723c751e8b465ee728b)  -> (artifact id: '625399d4a5ea534291ff323df57f9b4f') in 0.001905 seconds 
========================================================================
Received Import Request.
  Time since last request: 1.956155 seconds.
  path: Assets/Scenes/FinalScene.unity
  artifactKey: Guid(18359eb1554ab49688fa2f75f54eae54) Importer(815301076,1909f56bfc062723c751e8b465ee728b)
Start importing Assets/Scenes/FinalScene.unity using Guid(18359eb1554ab49688fa2f75f54eae54) Importer(815301076,1909f56bfc062723c751e8b465ee728b)  -> (artifact id: 'daa54a9bb922f7484141a8cd799f980f') in 0.002002 seconds 
========================================================================
Received Import Request.
  Time since last request: 2.058545 seconds.
  path: Assets/Scenes/Level2.unity
  artifactKey: Guid(4a6011b470d4e4bcd9db744f4df09b89) Importer(815301076,1909f56bfc062723c751e8b465ee728b)
Start importing Assets/Scenes/Level2.unity using Guid(4a6011b470d4e4bcd9db744f4df09b89) Importer(815301076,1909f56bfc062723c751e8b465ee728b)  -> (artifact id: 'dd8cef1089f174e989e6881c3c5fe063') in 0.004956 seconds 
========================================================================
Received Import Request.
  Time since last request: 1.089012 seconds.
  path: Assets/Scenes/Level3.unity
  artifactKey: Guid(26b056e34d1df4e8d9b33503c604efb2) Importer(815301076,1909f56bfc062723c751e8b465ee728b)
Start importing Assets/Scenes/Level3.unity using Guid(26b056e34d1df4e8d9b33503c604efb2) Importer(815301076,1909f56bfc062723c751e8b465ee728b)  -> (artifact id: '18a36e0e5434592968488f275308a6a2') in 0.001895 seconds 
========================================================================
Received Import Request.
  Time since last request: 0.692269 seconds.
  path: Assets/Scenes/Level4.unity
  artifactKey: Guid(795a1b6c2b6a94a90a43ae690e2a6ed0) Importer(815301076,1909f56bfc062723c751e8b465ee728b)
Start importing Assets/Scenes/Level4.unity using Guid(795a1b6c2b6a94a90a43ae690e2a6ed0) Importer(815301076,1909f56bfc062723c751e8b465ee728b)  -> (artifact id: '0d809a66ac223cc5910bf45712a41d4c') in 0.004914 seconds 
========================================================================
Received Import Request.
  Time since last request: 0.499443 seconds.
  path: Assets/Scenes/Menu.unity
  artifactKey: Guid(e4e867d78a3d84eb883ccc5841e5a69c) Importer(815301076,1909f56bfc062723c751e8b465ee728b)
Start importing Assets/Scenes/Menu.unity using Guid(e4e867d78a3d84eb883ccc5841e5a69c) Importer(815301076,1909f56bfc062723c751e8b465ee728b)  -> (artifact id: '7c04048c0d771a7fb8829a51f9253696') in 0.001971 seconds 
========================================================================
Received Prepare
Registering precompiled user dll's ...
Registered in 0.001283 seconds.
Begin MonoManager ReloadAssembly
Native extension for OSXStandalone target not found
Refreshing native plugins compatible for Editor in 0.60 ms, found 2 plugins.
Preloading 0 native plugins for Editor in 0.00 ms.
Mono: successfully reloaded assembly
- Completed reload, in  1.080 seconds
Domain Reload Profiling:
	ReloadAssembly (1081ms)
		BeginReloadAssembly (135ms)
			ExecutionOrderSort (0ms)
			DisableScriptedObjects (8ms)
			BackupInstance (0ms)
			ReleaseScriptingObjects (0ms)
			CreateAndSetChildDomain (55ms)
		EndReloadAssembly (835ms)
			LoadAssemblies (57ms)
			RebuildTransferFunctionScriptingTraits (0ms)
			SetupTypeCache (226ms)
			ReleaseScriptCaches (1ms)
			RebuildScriptCaches (47ms)
			SetupLoadedEditorAssemblies (424ms)
				LogAssemblyErrors (0ms)
				InitializePlatformSupportModulesInManaged (10ms)
				SetLoadedEditorAssemblies (1ms)
				RefreshPlugins (1ms)
				BeforeProcessingInitializeOnLoad (47ms)
				ProcessInitializeOnLoadAttributes (229ms)
				ProcessInitializeOnLoadMethodAttributes (136ms)
				AfterProcessingInitializeOnLoad (1ms)
				EditorAssembliesLoaded (0ms)
			ExecutionOrderSort2 (0ms)
			AwakeInstancesAfterBackupRestoration (10ms)
Platform modules already initialized, skipping
Refreshing native plugins compatible for Editor in 0.49 ms, found 2 plugins.
Preloading 0 native plugins for Editor in 0.00 ms.
Unloading 2267 Unused Serialized files (Serialized files now loaded: 0)
Unloading 48 unused Assets / (0.6 MB). Loaded Objects now: 2881.
Memory consumption went from 209.8 MB to 209.2 MB.
Total: 6.372532 ms (FindLiveObjects: 0.184170 ms CreateObjectMapping: 0.119523 ms MarkObjects: 5.799550 ms  DeleteObjects: 0.268453 ms)

AssetImportParameters requested are different than current active one (requested -> active):
  custom:video-decoder-ogg-theora: a1e56fd34408186e4bbccfd4996cb3dc -> 
  custom:container-muxer-webm: aa71ff27fc2769a1b78a27578f13a17b -> 
  custom:container-demuxer-webm: 4f35f7cbe854078d1ac9338744f61a02 -> 
  custom:video-encoder-webm-vp8: eb34c28f22e8b96e1ab97ce403110664 -> 
  custom:framework-osx-AVFoundation: e770b220cccbd017edd2c1fefb359320 -> 
  custom:audio-encoder-webm-vorbis: bf7c407c2cedff20999df2af8eb42d56 -> 
  custom:container-demuxer-ogg: 62fdf1f143b41e24485cea50d1cbac27 -> 
  custom:video-decoder-webm-vp8: 9c59270c3fd7afecdb556c50c9e8de78 -> 
  custom:audio-decoder-ogg-vorbis: bf7c407c2cedff20999df2af8eb42d56 -> 
========================================================================
Received Prepare
Registering precompiled user dll's ...
Registered in 0.001587 seconds.
Begin MonoManager ReloadAssembly
Native extension for OSXStandalone target not found
Refreshing native plugins compatible for Editor in 0.60 ms, found 2 plugins.
Preloading 0 native plugins for Editor in 0.00 ms.
Mono: successfully reloaded assembly
- Completed reload, in  1.102 seconds
Domain Reload Profiling:
	ReloadAssembly (1103ms)
		BeginReloadAssembly (132ms)
			ExecutionOrderSort (0ms)
			DisableScriptedObjects (10ms)
			BackupInstance (0ms)
			ReleaseScriptingObjects (0ms)
			CreateAndSetChildDomain (52ms)
		EndReloadAssembly (855ms)
			LoadAssemblies (57ms)
			RebuildTransferFunctionScriptingTraits (0ms)
			SetupTypeCache (227ms)
			ReleaseScriptCaches (1ms)
			RebuildScriptCaches (50ms)
			SetupLoadedEditorAssemblies (451ms)
				LogAssemblyErrors (0ms)
				InitializePlatformSupportModulesInManaged (10ms)
				SetLoadedEditorAssemblies (1ms)
				RefreshPlugins (1ms)
				BeforeProcessingInitializeOnLoad (49ms)
				ProcessInitializeOnLoadAttributes (243ms)
				ProcessInitializeOnLoadMethodAttributes (147ms)
				AfterProcessingInitializeOnLoad (2ms)
				EditorAssembliesLoaded (0ms)
			ExecutionOrderSort2 (0ms)
			AwakeInstancesAfterBackupRestoration (11ms)
Platform modules already initialized, skipping
Refreshing native plugins compatible for Editor in 0.69 ms, found 2 plugins.
Preloading 0 native plugins for Editor in 0.00 ms.
Unloading 2262 Unused Serialized files (Serialized files now loaded: 0)
Unloading 46 unused Assets / (22.9 KB). Loaded Objects now: 2884.
Memory consumption went from 209.3 MB to 209.3 MB.
Total: 6.297203 ms (FindLiveObjects: 0.199080 ms CreateObjectMapping: 0.112950 ms MarkObjects: 5.958002 ms  DeleteObjects: 0.025938 ms)

AssetImportParameters requested are different than current active one (requested -> active):
  custom:video-decoder-ogg-theora: a1e56fd34408186e4bbccfd4996cb3dc -> 
  custom:container-muxer-webm: aa71ff27fc2769a1b78a27578f13a17b -> 
  custom:container-demuxer-webm: 4f35f7cbe854078d1ac9338744f61a02 -> 
  custom:video-encoder-webm-vp8: eb34c28f22e8b96e1ab97ce403110664 -> 
  custom:framework-osx-AVFoundation: e770b220cccbd017edd2c1fefb359320 -> 
  custom:audio-encoder-webm-vorbis: bf7c407c2cedff20999df2af8eb42d56 -> 
  custom:container-demuxer-ogg: 62fdf1f143b41e24485cea50d1cbac27 -> 
  custom:video-decoder-webm-vp8: 9c59270c3fd7afecdb556c50c9e8de78 -> 
  custom:audio-decoder-ogg-vorbis: bf7c407c2cedff20999df2af8eb42d56 -> 
